-------------------------------------------------------------------------------
Test set: TestSuite
-------------------------------------------------------------------------------
Tests run: 1, Failures: 1, Errors: 0, Skipped: 0, Time elapsed: 1.088 s <<< FAILURE! - in TestSuite
setUpClass(com.fourstay.runners.CukesRunner)  Time elapsed: 0.754 s  <<< FAILURE!
java.lang.IllegalArgumentException: Not a file or directory: C:\Users\Dell_J\Intellij Projects\fourtstaytesting\first

